::1 - - [30/Apr/2017:14:14:41 +0000] "GET /api/palmares HTTP/1.1" 200 2942 "-" "Mozilla/5.0 (X11; Linux x86_64) AppleWebKit/537.36 (KHTML, like Gecko) Chrome/58.0.3029.81 Safari/537.36"
::1 - - [30/Apr/2017:14:14:57 +0000] "GET /api/palmares HTTP/1.1" 200 2942 "-" "Mozilla/5.0 (X11; Linux x86_64) AppleWebKit/537.36 (KHTML, like Gecko) Chrome/58.0.3029.81 Safari/537.36"
::1 - - [06/May/2017:19:49:05 +0000] "GET / HTTP/1.1" 200 9 "-" "Mozilla/5.0 (X11; Linux x86_64) AppleWebKit/537.36 (KHTML, like Gecko) Chrome/58.0.3029.81 Safari/537.36"
::1 - - [06/May/2017:19:49:06 +0000] "GET /favicon.ico HTTP/1.1" 404 150 "http://localhost:3000/" "Mozilla/5.0 (X11; Linux x86_64) AppleWebKit/537.36 (KHTML, like Gecko) Chrome/58.0.3029.81 Safari/537.36"
::1 - - [06/May/2017:19:49:15 +0000] "GET /api/news HTTP/1.1" 200 3467 "-" "Mozilla/5.0 (X11; Linux x86_64) AppleWebKit/537.36 (KHTML, like Gecko) Chrome/58.0.3029.81 Safari/537.36"
::1 - - [06/May/2017:19:51:18 +0000] "GET /api/news HTTP/1.1" 200 4247 "-" "Mozilla/5.0 (X11; Linux x86_64) AppleWebKit/537.36 (KHTML, like Gecko) Chrome/58.0.3029.81 Safari/537.36"
::1 - - [06/May/2017:20:29:21 +0000] "GET /api/news HTTP/1.1" 304 - "-" "Mozilla/5.0 (X11; Linux x86_64) AppleWebKit/537.36 (KHTML, like Gecko) Chrome/58.0.3029.81 Safari/537.36"
::1 - - [06/May/2017:20:29:39 +0000] "GET /api/news HTTP/1.1" 200 4187 "-" "Mozilla/5.0 (X11; Linux x86_64) AppleWebKit/537.36 (KHTML, like Gecko) Chrome/58.0.3029.81 Safari/537.36"
::1 - - [06/May/2017:20:29:46 +0000] "GET /api/news HTTP/1.1" 304 - "-" "Mozilla/5.0 (X11; Linux x86_64) AppleWebKit/537.36 (KHTML, like Gecko) Chrome/58.0.3029.81 Safari/537.36"
::1 - - [06/May/2017:20:29:49 +0000] "GET /api/news HTTP/1.1" 304 - "-" "Mozilla/5.0 (X11; Linux x86_64) AppleWebKit/537.36 (KHTML, like Gecko) Chrome/58.0.3029.81 Safari/537.36"
::1 - - [06/May/2017:20:30:05 +0000] "GET /api/news HTTP/1.1" 200 4247 "-" "Mozilla/5.0 (X11; Linux x86_64) AppleWebKit/537.36 (KHTML, like Gecko) Chrome/58.0.3029.81 Safari/537.36"
::1 - - [06/May/2017:20:30:08 +0000] "GET /api/news HTTP/1.1" 304 - "-" "Mozilla/5.0 (X11; Linux x86_64) AppleWebKit/537.36 (KHTML, like Gecko) Chrome/58.0.3029.81 Safari/537.36"
::1 - - [06/May/2017:20:32:15 +0000] "GET /api/news HTTP/1.1" 200 3106 "-" "Mozilla/5.0 (X11; Linux x86_64) AppleWebKit/537.36 (KHTML, like Gecko) Chrome/58.0.3029.81 Safari/537.36"
::1 - - [06/May/2017:20:32:36 +0000] "GET /api/news HTTP/1.1" 200 3587 "-" "Mozilla/5.0 (X11; Linux x86_64) AppleWebKit/537.36 (KHTML, like Gecko) Chrome/58.0.3029.81 Safari/537.36"
::1 - - [06/May/2017:20:33:17 +0000] "GET /api/news HTTP/1.1" 200 3467 "-" "Mozilla/5.0 (X11; Linux x86_64) AppleWebKit/537.36 (KHTML, like Gecko) Chrome/58.0.3029.81 Safari/537.36"
::1 - - [06/May/2017:20:37:52 +0000] "GET /api/convert HTTP/1.1" 200 442 "-" "Mozilla/5.0 (X11; Linux x86_64) AppleWebKit/537.36 (KHTML, like Gecko) Chrome/58.0.3029.81 Safari/537.36"
::1 - - [07/May/2017:04:29:14 +0000] "GET /api/convert HTTP/1.1" 304 - "-" "Mozilla/5.0 (X11; Linux x86_64) AppleWebKit/537.36 (KHTML, like Gecko) Chrome/58.0.3029.81 Safari/537.36"
::1 - - [07/May/2017:05:54:15 +0000] "GET /api/convert HTTP/1.1" 304 - "-" "Mozilla/5.0 (X11; Linux x86_64) AppleWebKit/537.36 (KHTML, like Gecko) Chrome/58.0.3029.81 Safari/537.36"
::1 - - [07/May/2017:06:08:27 +0000] "GET /api/convert HTTP/1.1" 404 150 "-" "Mozilla/5.0 (X11; Linux x86_64) AppleWebKit/537.36 (KHTML, like Gecko) Chrome/58.0.3029.81 Safari/537.36"
::1 - - [07/May/2017:06:09:07 +0000] "POST /api/convert HTTP/1.1" 200 447 "-" "Mozilla/5.0 (X11; Linux x86_64) AppleWebKit/537.36 (KHTML, like Gecko) Chrome/58.0.3029.81 Safari/537.36"
::1 - - [07/May/2017:17:19:21 +0000] "POST /api/convert HTTP/1.1" 200 447 "-" "Mozilla/5.0 (X11; Linux x86_64) AppleWebKit/537.36 (KHTML, like Gecko) Chrome/58.0.3029.81 Safari/537.36"
::1 - - [08/May/2017:13:58:54 +0000] "GET /api/market HTTP/1.1" 200 11710 "-" "Mozilla/5.0 (X11; Linux x86_64) AppleWebKit/537.36 (KHTML, like Gecko) Chrome/58.0.3029.81 Safari/537.36"
::1 - - [08/May/2017:13:58:54 +0000] "GET /favicon.ico HTTP/1.1" 404 150 "http://localhost:3000/api/market" "Mozilla/5.0 (X11; Linux x86_64) AppleWebKit/537.36 (KHTML, like Gecko) Chrome/58.0.3029.81 Safari/537.36"
::1 - - [08/May/2017:13:59:53 +0000] "POST /api/convert HTTP/1.1" 200 447 "-" "Mozilla/5.0 (X11; Linux x86_64) AppleWebKit/537.36 (KHTML, like Gecko) Chrome/58.0.3029.81 Safari/537.36"
::1 - - [08/May/2017:14:06:59 +0000] "POST /api/convert HTTP/1.1" 200 447 "-" "Mozilla/5.0 (X11; Linux x86_64) AppleWebKit/537.36 (KHTML, like Gecko) Chrome/58.0.3029.81 Safari/537.36"
::1 - - [12/Oct/2017:00:03:05 +0000] "GET /api/ HTTP/1.1" 404 143 "-" "Mozilla/5.0 (X11; Linux x86_64) AppleWebKit/537.36 (KHTML, like Gecko) Chrome/58.0.3029.110 Safari/537.36"
::1 - - [12/Oct/2017:00:03:06 +0000] "GET /favicon.ico HTTP/1.1" 404 150 "http://localhost:3000/api/" "Mozilla/5.0 (X11; Linux x86_64) AppleWebKit/537.36 (KHTML, like Gecko) Chrome/58.0.3029.110 Safari/537.36"
::1 - - [12/Oct/2017:00:03:19 +0000] "GET / HTTP/1.1" 200 9 "-" "Mozilla/5.0 (X11; Linux x86_64) AppleWebKit/537.36 (KHTML, like Gecko) Chrome/58.0.3029.110 Safari/537.36"
::1 - - [12/Oct/2017:00:03:29 +0000] "GET /palmares HTTP/1.1" 404 147 "-" "Mozilla/5.0 (X11; Linux x86_64) AppleWebKit/537.36 (KHTML, like Gecko) Chrome/58.0.3029.110 Safari/537.36"
::1 - - [12/Oct/2017:00:03:45 +0000] "GET /api/palmares HTTP/1.1" 200 3136 "-" "Mozilla/5.0 (X11; Linux x86_64) AppleWebKit/537.36 (KHTML, like Gecko) Chrome/58.0.3029.110 Safari/537.36"
::1 - - [12/Oct/2017:00:03:51 +0000] "GET /api/news HTTP/1.1" 200 3211 "-" "Mozilla/5.0 (X11; Linux x86_64) AppleWebKit/537.36 (KHTML, like Gecko) Chrome/58.0.3029.110 Safari/537.36"
::1 - - [12/Oct/2017:03:45:30 +0000] "GET /api/news HTTP/1.1" 304 - "-" "Mozilla/5.0 (X11; Linux x86_64) AppleWebKit/537.36 (KHTML, like Gecko) Chrome/58.0.3029.110 Safari/537.36"
::1 - - [12/Oct/2017:23:29:18 +0000] "GET /api/news HTTP/1.1" 200 3274 "-" "Mozilla/5.0 (X11; Linux x86_64) AppleWebKit/537.36 (KHTML, like Gecko) Chrome/58.0.3029.110 Safari/537.36"
::1 - - [12/Oct/2017:23:29:18 +0000] "GET /favicon.ico HTTP/1.1" 404 150 "http://localhost:3000/api/news" "Mozilla/5.0 (X11; Linux x86_64) AppleWebKit/537.36 (KHTML, like Gecko) Chrome/58.0.3029.110 Safari/537.36"
::1 - - [12/Oct/2017:23:31:38 +0000] "GET /api/news HTTP/1.1" 304 - "http://localhost:8081/" "Mozilla/5.0 (X11; Linux x86_64) AppleWebKit/537.36 (KHTML, like Gecko) Chrome/58.0.3029.110 Safari/537.36"
::1 - - [12/Oct/2017:23:31:43 +0000] "GET /api/news HTTP/1.1" 304 - "http://localhost:8081/" "Mozilla/5.0 (X11; Linux x86_64) AppleWebKit/537.36 (KHTML, like Gecko) Chrome/58.0.3029.110 Safari/537.36"
::1 - - [12/Oct/2017:23:32:02 +0000] "GET /api/news HTTP/1.1" 304 - "http://localhost:8081/" "Mozilla/5.0 (X11; Linux x86_64) AppleWebKit/537.36 (KHTML, like Gecko) Chrome/58.0.3029.110 Safari/537.36"
::1 - - [12/Oct/2017:23:32:13 +0000] "GET /api/news HTTP/1.1" 304 - "http://localhost:8081/" "Mozilla/5.0 (X11; Linux x86_64) AppleWebKit/537.36 (KHTML, like Gecko) Chrome/58.0.3029.110 Safari/537.36"
::1 - - [12/Oct/2017:23:32:44 +0000] "GET /api/news HTTP/1.1" 304 - "http://localhost:8081/" "Mozilla/5.0 (X11; Linux x86_64) AppleWebKit/537.36 (KHTML, like Gecko) Chrome/58.0.3029.110 Safari/537.36"
::1 - - [12/Oct/2017:23:35:32 +0000] "GET /api/news HTTP/1.1" 304 - "http://localhost:8081/" "Mozilla/5.0 (X11; Linux x86_64) AppleWebKit/537.36 (KHTML, like Gecko) Chrome/58.0.3029.110 Safari/537.36"
::1 - - [12/Oct/2017:23:38:01 +0000] "GET /api/news HTTP/1.1" 304 - "http://localhost:8081/" "Mozilla/5.0 (X11; Linux x86_64) AppleWebKit/537.36 (KHTML, like Gecko) Chrome/58.0.3029.110 Safari/537.36"
::1 - - [12/Oct/2017:23:38:19 +0000] "GET /api/news HTTP/1.1" 304 - "http://localhost:8081/" "Mozilla/5.0 (X11; Linux x86_64) AppleWebKit/537.36 (KHTML, like Gecko) Chrome/58.0.3029.110 Safari/537.36"
::1 - - [03/Dec/2017:20:19:26 +0000] "GET /api/market HTTP/1.1" 200 11880 "http://localhost:8080/" "Mozilla/5.0 (Windows NT 10.0; Win64; x64; rv:57.0) Gecko/20100101 Firefox/57.0"
::1 - - [03/Dec/2017:20:19:34 +0000] "GET /api/market HTTP/1.1" 304 - "http://localhost:8080/" "Mozilla/5.0 (Windows NT 10.0; Win64; x64; rv:57.0) Gecko/20100101 Firefox/57.0"
::1 - - [03/Dec/2017:20:19:54 +0000] "GET /api/palmares HTTP/1.1" 200 3195 "http://localhost:8080/" "Mozilla/5.0 (Windows NT 10.0; Win64; x64; rv:57.0) Gecko/20100101 Firefox/57.0"
::1 - - [03/Dec/2017:20:19:57 +0000] "GET /api/news HTTP/1.1" 200 3364 "http://localhost:8080/" "Mozilla/5.0 (Windows NT 10.0; Win64; x64; rv:57.0) Gecko/20100101 Firefox/57.0"
::1 - - [03/Dec/2017:20:20:49 +0000] "GET /api/market HTTP/1.1" 304 - "http://localhost:8080/" "Mozilla/5.0 (Windows NT 10.0; Win64; x64; rv:57.0) Gecko/20100101 Firefox/57.0"
::1 - - [03/Dec/2017:20:20:57 +0000] "GET /api/market HTTP/1.1" 304 - "http://localhost:8080/" "Mozilla/5.0 (Windows NT 10.0; Win64; x64; rv:57.0) Gecko/20100101 Firefox/57.0"
::1 - - [03/Dec/2017:21:21:46 +0000] "POST /user/signup HTTP/1.1" 200 56 "-" "PostmanRuntime/6.1.6"
::1 - - [03/Dec/2017:21:25:44 +0000] "POST /user/signup HTTP/1.1" - - "-" "PostmanRuntime/6.1.6"
::1 - - [03/Dec/2017:21:28:02 +0000] "POST /user/signup HTTP/1.1" - - "-" "PostmanRuntime/6.1.6"
::1 - - [03/Dec/2017:21:31:19 +0000] "GET / HTTP/1.1" 200 9 "-" "PostmanRuntime/6.1.6"
::1 - - [03/Dec/2017:21:34:21 +0000] "POST /user/signup HTTP/1.1" 200 53 "-" "PostmanRuntime/6.1.6"
::1 - - [03/Dec/2017:21:36:13 +0000] "POST /user/authenticate HTTP/1.1" 200 64 "-" "PostmanRuntime/6.1.6"
::1 - - [03/Dec/2017:21:39:32 +0000] "POST /user/signup HTTP/1.1" 200 339 "-" "PostmanRuntime/6.1.6"
::1 - - [03/Dec/2017:21:39:39 +0000] "POST /user/signup HTTP/1.1" 200 53 "-" "PostmanRuntime/6.1.6"
::1 - - [03/Dec/2017:21:39:50 +0000] "POST /user/authenticate HTTP/1.1" 200 311 "-" "PostmanRuntime/6.1.6"
::1 - - [03/Dec/2017:21:41:25 +0000] "POST /user/info HTTP/1.1" 500 2343 "-" "PostmanRuntime/6.1.6"
::1 - - [03/Dec/2017:21:44:05 +0000] "POST /user/authenticate HTTP/1.1" 200 311 "-" "PostmanRuntime/6.1.6"
::1 - - [03/Dec/2017:21:44:28 +0000] "POST /user/info HTTP/1.1" 500 2343 "-" "PostmanRuntime/6.1.6"
::1 - - [03/Dec/2017:21:44:43 +0000] "POST /user/info HTTP/1.1" 500 2343 "-" "PostmanRuntime/6.1.6"
::1 - - [03/Dec/2017:21:55:29 +0000] "POST /user/info HTTP/1.1" 401 - "-" "PostmanRuntime/6.1.6"
::1 - - [03/Dec/2017:21:55:41 +0000] "POST /user/info HTTP/1.1" 401 - "-" "PostmanRuntime/6.1.6"
::1 - - [03/Dec/2017:21:55:48 +0000] "POST /user/info HTTP/1.1" 401 - "-" "PostmanRuntime/6.1.6"
::1 - - [03/Dec/2017:21:58:04 +0000] "GET /user/info HTTP/1.1" 404 148 "-" "PostmanRuntime/6.1.6"
::1 - - [03/Dec/2017:21:58:38 +0000] "GET /user/info HTTP/1.1" 401 - "-" "PostmanRuntime/6.1.6"
::1 - - [03/Dec/2017:21:59:23 +0000] "GET /user/info HTTP/1.1" 200 60 "-" "PostmanRuntime/6.1.6"
